writeCommonTags: couldn't write 'year' tag to 'B/Berried Alive/Berried Alive [Fools Gold (2017-09-01)]/01 Prosthetic Progress.m4a' as it's not a positive integer
writeCommonTags: couldn't write 'year' tag to 'B/Berried Alive/Berried Alive [Fools Gold (2017-09-01)]/02 No One is Listening.m4a' as it's not a positive integer
writeCommonTags: couldn't write 'year' tag to 'B/Berried Alive/Berried Alive [Fools Gold (2017-09-01)]/03 When Guidance Leaves.m4a' as it's not a positive integer
writeCommonTags: couldn't write 'year' tag to 'B/Berried Alive/Berried Alive [Fools Gold (2017-09-01)]/04 Chewed Up Spit Out.m4a' as it's not a positive integer
writeCommonTags: couldn't write 'year' tag to 'B/Berried Alive/Berried Alive [Fools Gold (2017-09-01)]/05 Catalina Beach.m4a' as it's not a positive integer
writeCommonTags: couldn't write 'year' tag to 'B/Berried Alive/Berried Alive [Fools Gold (2017-09-01)]/06 Fools Gold.m4a' as it's not a positive integer
writeCommonTags: couldn't write 'year' tag to 'B/Berried Alive/Berried Alive [Fools Gold (2017-09-01)]/07 Shitler.m4a' as it's not a positive integer
writeCommonTags: couldn't write 'year' tag to 'B/Berried Alive/Berried Alive [Fools Gold (2017-09-01)]/08 Salida.m4a' as it's not a positive integer
writeCommonTags: couldn't write 'year' tag to 'B/Berried Alive/Berried Alive [Fools Gold (2017-09-01)]/09 Waiting for Us.m4a' as it's not a positive integer
writeCommonTags: couldn't write 'year' tag to 'B/Berried Alive/Berried Alive [Fools Gold (2017-09-01)]/10 A Way Out (Bonus Track).m4a' as it's not a positive integer
writeCommonTags: couldn't write 'year' tag to 'B/Berried Alive/Berried Alive [Fools Gold (2017-09-01)]/01 Prosthetic Progress.m4a' as it's not a positive integer
writeCommonTags: couldn't write 'year' tag to 'B/Berried Alive/Berried Alive [Fools Gold (2017-09-01)]/02 No One is Listening.m4a' as it's not a positive integer
writeCommonTags: couldn't write 'year' tag to 'B/Berried Alive/Berried Alive [Fools Gold (2017-09-01)]/03 When Guidance Leaves.m4a' as it's not a positive integer
writeCommonTags: couldn't write 'year' tag to 'B/Berried Alive/Berried Alive [Fools Gold (2017-09-01)]/04 Chewed Up Spit Out.m4a' as it's not a positive integer
writeCommonTags: couldn't write 'year' tag to 'B/Berried Alive/Berried Alive [Fools Gold (2017-09-01)]/05 Catalina Beach.m4a' as it's not a positive integer
writeCommonTags: couldn't write 'year' tag to 'B/Berried Alive/Berried Alive [Fools Gold (2017-09-01)]/06 Fools Gold.m4a' as it's not a positive integer
writeCommonTags: couldn't write 'year' tag to 'B/Berried Alive/Berried Alive [Fools Gold (2017-09-01)]/07 Shitler.m4a' as it's not a positive integer
writeCommonTags: couldn't write 'year' tag to 'B/Berried Alive/Berried Alive [Fools Gold (2017-09-01)]/08 Salida.m4a' as it's not a positive integer
writeCommonTags: couldn't write 'year' tag to 'B/Berried Alive/Berried Alive [Fools Gold (2017-09-01)]/09 Waiting for Us.m4a' as it's not a positive integer
writeCommonTags: couldn't write 'year' tag to 'B/Berried Alive/Berried Alive [Fools Gold (2017-09-01)]/10 A Way Out (Bonus Track).m4a' as it's not a positive integer
writeCommonTags: couldn't write 'year' tag to 'B/Berried Alive/Berried Alive [Fools Gold (2017-09-01)]/01 Prosthetic Progress.m4a' as it's not a positive integer
writeCommonTags: couldn't write 'year' tag to 'B/Berried Alive/Berried Alive [Fools Gold (2017-09-01)]/02 No One is Listening.m4a' as it's not a positive integer
writeCommonTags: couldn't write 'year' tag to 'B/Berried Alive/Berried Alive [Fools Gold (2017-09-01)]/03 When Guidance Leaves.m4a' as it's not a positive integer
writeCommonTags: couldn't write 'year' tag to 'B/Berried Alive/Berried Alive [Fools Gold (2017-09-01)]/04 Chewed Up Spit Out.m4a' as it's not a positive integer
writeCommonTags: couldn't write 'year' tag to 'B/Berried Alive/Berried Alive [Fools Gold (2017-09-01)]/05 Catalina Beach.m4a' as it's not a positive integer
writeCommonTags: couldn't write 'year' tag to 'B/Berried Alive/Berried Alive [Fools Gold (2017-09-01)]/06 Fools Gold.m4a' as it's not a positive integer
writeCommonTags: couldn't write 'year' tag to 'B/Berried Alive/Berried Alive [Fools Gold (2017-09-01)]/07 Shitler.m4a' as it's not a positive integer
writeCommonTags: couldn't write 'year' tag to 'B/Berried Alive/Berried Alive [Fools Gold (2017-09-01)]/08 Salida.m4a' as it's not a positive integer
writeCommonTags: couldn't write 'year' tag to 'B/Berried Alive/Berried Alive [Fools Gold (2017-09-01)]/09 Waiting for Us.m4a' as it's not a positive integer
writeCommonTags: couldn't write 'year' tag to 'B/Berried Alive/Berried Alive [Fools Gold (2017-09-01)]/10 A Way Out (Bonus Track).m4a' as it's not a positive integer
writeCommonTags: couldn't write 'year' tag to 'B/Berried Alive/Berried Alive [Fools Gold (2017-09-01)]/01 Prosthetic Progress.m4a' as it's not a positive integer
writeCommonTags: couldn't write 'year' tag to 'B/Berried Alive/Berried Alive [Fools Gold (2017-09-01)]/02 No One is Listening.m4a' as it's not a positive integer
writeCommonTags: couldn't write 'year' tag to 'B/Berried Alive/Berried Alive [Fools Gold (2017-09-01)]/03 When Guidance Leaves.m4a' as it's not a positive integer
writeCommonTags: couldn't write 'year' tag to 'B/Berried Alive/Berried Alive [Fools Gold (2017-09-01)]/04 Chewed Up Spit Out.m4a' as it's not a positive integer
writeCommonTags: couldn't write 'year' tag to 'B/Berried Alive/Berried Alive [Fools Gold (2017-09-01)]/05 Catalina Beach.m4a' as it's not a positive integer
writeCommonTags: couldn't write 'year' tag to 'B/Berried Alive/Berried Alive [Fools Gold (2017-09-01)]/06 Fools Gold.m4a' as it's not a positive integer
writeCommonTags: couldn't write 'year' tag to 'B/Berried Alive/Berried Alive [Fools Gold (2017-09-01)]/07 Shitler.m4a' as it's not a positive integer
writeCommonTags: couldn't write 'year' tag to 'B/Berried Alive/Berried Alive [Fools Gold (2017-09-01)]/08 Salida.m4a' as it's not a positive integer
writeCommonTags: couldn't write 'year' tag to 'B/Berried Alive/Berried Alive [Fools Gold (2017-09-01)]/09 Waiting for Us.m4a' as it's not a positive integer
writeCommonTags: couldn't write 'year' tag to 'B/Berried Alive/Berried Alive [Fools Gold (2017-09-01)]/10 A Way Out (Bonus Track).m4a' as it's not a positive integer
